<?xml version="1.0" encoding="utf-8"?><testsuites name="pytest tests"><testsuite name="pytest" errors="0" failures="0" skipped="0" tests="21" time="60.159" timestamp="2026-05-31T13:35:47.331416+00:00" hostname="agent-env-fe5ce159-5349-4431-88d2-801c36740673"><testcase classname="backend.tests.backend_test" name="test_root" time="0.227" /><testcase classname="backend.tests.backend_test.TestAuth" name="test_signup_new_user_returns_token_and_user" time="0.270" /><testcase classname="backend.tests.backend_test.TestAuth" name="test_signup_duplicate_email_fails" time="0.052" /><testcase classname="backend.tests.backend_test.TestAuth" name="test_login_success" time="0.272" /><testcase classname="backend.tests.backend_test.TestAuth" name="test_login_wrong_password" time="0.266" /><testcase classname="backend.tests.backend_test.TestAuth" name="test_me_requires_auth" time="0.348" /><testcase classname="backend.tests.backend_test.TestAuth" name="test_me_with_bearer" time="0.311" /><testcase classname="backend.tests.backend_test.TestAuth" name="test_google_session_bogus" time="0.145" /><testcase classname="backend.tests.backend_test.TestAuthEnforcement" name="test_projects_list_requires_auth" time="0.043" /><testcase classname="backend.tests.backend_test.TestAuthEnforcement" name="test_design_generate_requires_auth" time="0.043" /><testcase classname="backend.tests.backend_test.TestAuthEnforcement" name="test_vastu_requires_auth" time="0.048" /><testcase classname="backend.tests.backend_test.TestDesignAndProjects" name="test_01_generate_design" time="37.111" /><testcase classname="backend.tests.backend_test.TestDesignAndProjects" name="test_02_create_project" time="0.417" /><testcase classname="backend.tests.backend_test.TestDesignAndProjects" name="test_03_list_projects_excludes_heavy_fields" time="0.068" /><testcase classname="backend.tests.backend_test.TestDesignAndProjects" name="test_04_get_project_full" time="0.097" /><testcase classname="backend.tests.backend_test.TestDesignAndProjects" name="test_05_get_project_404" time="0.047" /><testcase classname="backend.tests.backend_test.TestDesignAndProjects" name="test_06_rename_project" time="0.199" /><testcase classname="backend.tests.backend_test.TestDesignAndProjects" name="test_07_vastu_reanalyze" time="19.934" /><testcase classname="backend.tests.backend_test.TestDesignAndProjects" name="test_08_vastu_analyze_404" time="0.050" /><testcase classname="backend.tests.backend_test.TestDesignAndProjects" name="test_09_delete_project" time="0.099" /><testcase classname="backend.tests.backend_test.TestDesignAndProjects" name="test_10_delete_project_404" time="0.048" /></testsuite></testsuites>